# JRE version: OpenJDK Runtime Environment Temurin-21.0.8+9 (21.0.8+9) (build 21.0.8+9-LTS)
# Java VM: OpenJDK 64-Bit Server VM Temurin-21.0.8+9 (21.0.8+9-LTS, mixed mode, sharing, tiered, compressed oops, compressed class ptrs, g1 gc, windows-amd64)
GC Precious Log:
 CardTable entry size: 512
 Card Set container configuration: InlinePtr #cards 4 size 8 Array Of Cards #cards 32 size 80 Howl #buckets 8 coarsen threshold 7372 Howl Bitmap #cards 1024 size 144 coarsen threshold 921 Card regions per heap region 1 cards per card region 8192
 CPUs: 8 total, 8 available
 Memory: 16215M
 Large Page Support: Disabled
 NUMA Support: Disabled
 Compressed Oops: Enabled (Zero based)
 Heap Region Size: 4M
 Heap Min Capacity: 8M
 Heap Initial Capacity: 256M
 Heap Max Capacity: 8G
 Pre-touch: Disabled
 Parallel Workers: 8
 Concurrent Workers: 2
 Concurrent Refinement Workers: 8
 Periodic GC: Disabled
Heap:
 garbage-first heap   total 122880K, used 93746K [0x0000000600000000, 0x0000000800000000)
  region size 4096K, 8 young (32768K), 1 survivors (4096K)
 Metaspace       used 68893K, committed 70912K, reserved 1114112K
  class space    used 9973K, committed 10944K, reserved 1048576K
GC Heap History (20 events):
Event: 14.613 GC heap before
{Heap before GC invocations=6 (full 0):
 garbage-first heap   total 118784K, used 66712K [0x0000000600000000, 0x0000000800000000)
  region size 4096K, 13 young (53248K), 3 survivors (12288K)
 Metaspace       used 34709K, committed 35968K, reserved 1114112K
  class space    used 5207K, committed 5824K, reserved 1048576K
}
Event: 14.620 GC heap after
{Heap after GC invocations=7 (full 0):
 garbage-first heap   total 118784K, used 32865K [0x0000000600000000, 0x0000000800000000)
  region size 4096K, 3 young (12288K), 3 survivors (12288K)
 Metaspace       used 34709K, committed 35968K, reserved 1114112K
  class space    used 5207K, committed 5824K, reserved 1048576K
}
Event: 17.467 GC heap before
{Heap before GC invocations=8 (full 0):
 garbage-first heap   total 118784K, used 86113K [0x0000000600000000, 0x0000000800000000)
  region size 4096K, 17 young (69632K), 3 survivors (12288K)
 Metaspace       used 40709K, committed 42048K, reserved 1114112K
  class space    used 5873K, committed 6528K, reserved 1048576K
}
Event: 17.474 GC heap after
{Heap after GC invocations=9 (full 0):
 garbage-first heap   total 118784K, used 39250K [0x0000000600000000, 0x0000000800000000)
  region size 4096K, 3 young (12288K), 3 survivors (12288K)
 Metaspace       used 40709K, committed 42048K, reserved 1114112K
  class space    used 5873K, committed 6528K, reserved 1048576K
}
Event: 18.026 GC heap before
{Heap before GC invocations=9 (full 0):
 garbage-first heap   total 118784K, used 92498K [0x0000000600000000, 0x0000000800000000)
  region size 4096K, 16 young (65536K), 3 survivors (12288K)
 Metaspace       used 44212K, committed 45760K, reserved 1114112K
  class space    used 6438K, committed 7232K, reserved 1048576K
}
Event: 18.033 GC heap after
{Heap after GC invocations=10 (full 0):
 garbage-first heap   total 118784K, used 41254K [0x0000000600000000, 0x0000000800000000)
  region size 4096K, 1 young (4096K), 1 survivors (4096K)
 Metaspace       used 44212K, committed 45760K, reserved 1114112K
  class space    used 6438K, committed 7232K, reserved 1048576K
}
Event: 20.771 GC heap before
{Heap before GC invocations=10 (full 0):
 garbage-first heap   total 118784K, used 98598K [0x0000000600000000, 0x0000000800000000)
  region size 4096K, 15 young (61440K), 1 survivors (4096K)
 Metaspace       used 48488K, committed 50240K, reserved 1114112K
  class space    used 7049K, committed 7872K, reserved 1048576K
}
Event: 20.775 GC heap after
{Heap after GC invocations=11 (full 0):
 garbage-first heap   total 118784K, used 43880K [0x0000000600000000, 0x0000000800000000)
  region size 4096K, 2 young (8192K), 2 survivors (8192K)
 Metaspace       used 48488K, committed 50240K, reserved 1114112K
  class space    used 7049K, committed 7872K, reserved 1048576K
}
Event: 22.132 GC heap before
{Heap before GC invocations=11 (full 0):
 garbage-first heap   total 118784K, used 97128K [0x0000000600000000, 0x0000000800000000)
  region size 4096K, 15 young (61440K), 2 survivors (8192K)
 Metaspace       used 52546K, committed 54272K, reserved 1114112K
  class space    used 7656K, committed 8512K, reserved 1048576K
}
Event: 22.139 GC heap after
{Heap after GC invocations=12 (full 0):
 garbage-first heap   total 118784K, used 48832K [0x0000000600000000, 0x0000000800000000)
  region size 4096K, 2 young (8192K), 2 survivors (8192K)
 Metaspace       used 52546K, committed 54272K, reserved 1114112K
  class space    used 7656K, committed 8512K, reserved 1048576K
}
Event: 23.412 GC heap before
{Heap before GC invocations=12 (full 0):
 garbage-first heap   total 118784K, used 97984K [0x0000000600000000, 0x0000000800000000)
  region size 4096K, 15 young (61440K), 2 survivors (8192K)
 Metaspace       used 55970K, committed 57792K, reserved 1114112K
  class space    used 8223K, committed 9088K, reserved 1048576K
}
Event: 23.419 GC heap after
{Heap after GC invocations=13 (full 0):
 garbage-first heap   total 118784K, used 51576K [0x0000000600000000, 0x0000000800000000)
  region size 4096K, 2 young (8192K), 2 survivors (8192K)
 Metaspace       used 55970K, committed 57792K, reserved 1114112K
  class space    used 8223K, committed 9088K, reserved 1048576K
}
Event: 24.996 GC heap before
{Heap before GC invocations=13 (full 0):
 garbage-first heap   total 118784K, used 72056K [0x0000000600000000, 0x0000000800000000)
  region size 4096K, 9 young (36864K), 2 survivors (8192K)
 Metaspace       used 58708K, committed 60608K, reserved 1114112K
  class space    used 8576K, committed 9536K, reserved 1048576K
}
Event: 25.000 GC heap after
{Heap after GC invocations=14 (full 0):
 garbage-first heap   total 118784K, used 54961K [0x0000000600000000, 0x0000000800000000)
  region size 4096K, 2 young (8192K), 2 survivors (8192K)
 Metaspace       used 58708K, committed 60608K, reserved 1114112K
  class space    used 8576K, committed 9536K, reserved 1048576K
}
Event: 26.422 GC heap before
{Heap before GC invocations=15 (full 0):
 garbage-first heap   total 118784K, used 108209K [0x0000000600000000, 0x0000000800000000)
  region size 4096K, 13 young (53248K), 2 survivors (8192K)
 Metaspace       used 62865K, committed 64832K, reserved 1114112K
  class space    used 9163K, committed 10112K, reserved 1048576K
}
Event: 26.426 GC heap after
{Heap after GC invocations=16 (full 0):
 garbage-first heap   total 122880K, used 66257K [0x0000000600000000, 0x0000000800000000)
  region size 4096K, 2 young (8192K), 2 survivors (8192K)
 Metaspace       used 62865K, committed 64832K, reserved 1114112K
  class space    used 9163K, committed 10112K, reserved 1048576K
}
Event: 27.275 GC heap before
{Heap before GC invocations=16 (full 0):
 garbage-first heap   total 122880K, used 103121K [0x0000000600000000, 0x0000000800000000)
  region size 4096K, 11 young (45056K), 2 survivors (8192K)
 Metaspace       used 65689K, committed 67648K, reserved 1114112K
  class space    used 9520K, committed 10496K, reserved 1048576K
}
Event: 27.280 GC heap after
{Heap after GC invocations=17 (full 0):
 garbage-first heap   total 122880K, used 67093K [0x0000000600000000, 0x0000000800000000)
  region size 4096K, 2 young (8192K), 2 survivors (8192K)
 Metaspace       used 65689K, committed 67648K, reserved 1114112K
  class space    used 9520K, committed 10496K, reserved 1048576K
}
Event: 27.719 GC heap before
{Heap before GC invocations=17 (full 0):
 garbage-first heap   total 122880K, used 99861K [0x0000000600000000, 0x0000000800000000)
  region size 4096K, 10 young (40960K), 2 survivors (8192K)
 Metaspace       used 67714K, committed 69632K, reserved 1114112K
  class space    used 9805K, committed 10752K, reserved 1048576K
}
Event: 27.723 GC heap after
{Heap after GC invocations=18 (full 0):
 garbage-first heap   total 122880K, used 69170K [0x0000000600000000, 0x0000000800000000)
  region size 4096K, 1 young (4096K), 1 survivors (4096K)
 Metaspace       used 67714K, committed 69632K, reserved 1114112K
  class space    used 9805K, committed 10752K, reserved 1048576K
}

